<?xml version="1.0" encoding="UTF-8"?>
<testng-results ignored="0" total="2" passed="2" failed="0" skipped="0">
  <reporter-output>
  </reporter-output>
  <suite started-at="2023-09-01T10:40:34 IST" name="Suite" finished-at="2023-09-01T10:40:43 IST" duration-ms="8912">
    <groups>
    </groups>
    <test started-at="2023-09-01T10:40:34 IST" name="test_chrome" finished-at="2023-09-01T10:40:39 IST" duration-ms="4818">
      <class name="framework1.Parallelexec1">
        <test-method signature="test1(java.lang.String)[pri:0, instance:framework1.Parallelexec1@246f8b8b]" started-at="2023-09-01T10:40:34 IST" name="test1" finished-at="2023-09-01T10:40:39 IST" duration-ms="4722" status="PASS">
          <params>
            <param index="0">
              <value>
                <![CDATA[chrome]]>
              </value>
            </param>
          </params>
          <reporter-output>
          </reporter-output>
        </test-method> <!-- test1 -->
      </class> <!-- framework1.Parallelexec1 -->
    </test> <!-- test_chrome -->
    <test started-at="2023-09-01T10:40:34 IST" name="test_firefox" finished-at="2023-09-01T10:40:43 IST" duration-ms="8912">
      <class name="framework1.Parallelexec1">
        <test-method signature="test1(java.lang.String)[pri:0, instance:framework1.Parallelexec1@64a8c844]" started-at="2023-09-01T10:40:34 IST" name="test1" finished-at="2023-09-01T10:40:43 IST" duration-ms="8821" status="PASS">
          <params>
            <param index="0">
              <value>
                <![CDATA[firefox]]>
              </value>
            </param>
          </params>
          <reporter-output>
          </reporter-output>
        </test-method> <!-- test1 -->
      </class> <!-- framework1.Parallelexec1 -->
    </test> <!-- test_firefox -->
  </suite> <!-- Suite -->
</testng-results>
