<?xml version="1.0" encoding="UTF-8"?>
<!-- Generated by org.testng.reporters.JUnitXMLReporter -->
<testsuite ignored="2" hostname="NIKKI-PC" failures="0" tests="1" name="Test" time="0.105" errors="0" timestamp="2023-08-28T17:12:22 IST">
  <testcase classname="framework1.Groups" name="test3" time="0.016"/>
  <testcase classname="framework1.Groups" name="test1" time="0.0">
    <ignored/>
  </testcase> <!-- test1 -->
  <testcase classname="framework1.Groups" name="test2" time="0.0">
    <ignored/>
  </testcase> <!-- test2 -->
</testsuite> <!-- Test -->
